Arguments: 
  /usr/local/bin/node /usr/local/bin/yarn add -D prettier tslint tsling-config-prettier

PATH: 
  /Users/pedroentringer/.rvm/gems/ruby-2.7.0/bin:/Users/pedroentringer/.rvm/gems/ruby-2.7.0@global/bin:/Users/pedroentringer/.rvm/rubies/ruby-2.7.0/bin:/Users/pedroentringer/.zinit/polaris/bin:/usr/local/bin:/usr/bin:/bin:/usr/sbin:/sbin:/Users/pedroentringer/.rvm/bin

Yarn version: 
  1.22.4

Node version: 
  12.16.1

Platform: 
  darwin x64

Trace: 
  Error: https://registry.yarnpkg.com/tsling-config-prettier: Not found
      at Request.params.callback [as _callback] (/usr/local/lib/node_modules/yarn/lib/cli.js:66987:18)
      at Request.self.callback (/usr/local/lib/node_modules/yarn/lib/cli.js:140748:22)
      at Request.emit (events.js:311:20)
      at Request.<anonymous> (/usr/local/lib/node_modules/yarn/lib/cli.js:141720:10)
      at Request.emit (events.js:311:20)
      at IncomingMessage.<anonymous> (/usr/local/lib/node_modules/yarn/lib/cli.js:141642:12)
      at Object.onceWrapper (events.js:417:28)
      at IncomingMessage.emit (events.js:323:22)
      at endReadableNT (_stream_readable.js:1204:12)
      at processTicksAndRejections (internal/process/task_queues.js:84:21)

npm manifest: 
  {
    "name": "cheerio-table-parser",
    "version": "1.0.0",
    "description": "Parse html table",
    "main": "index.js",
    "author": "Pedro Entringer",
    "license": "MIT",
    "devDependencies": {
      "typescript": "^3.8.3"
    },
    "scripts": {
      "build": "tsc"
    }
  }

yarn manifest: 
  No manifest

Lockfile: 
  # THIS IS AN AUTOGENERATED FILE. DO NOT EDIT THIS FILE DIRECTLY.
  # yarn lockfile v1
  
  
  typescript@^3.8.3:
    version "3.8.3"
    resolved "https://registry.yarnpkg.com/typescript/-/typescript-3.8.3.tgz#409eb8544ea0335711205869ec458ab109ee1061"
    integrity sha512-MYlEfn5VrLNsgudQTVJeNaQFUAI7DkhnOjdpAp4T+ku1TfQClewlbSuTVHiA+8skNBgaf02TL/kLOvig4y3G8w==
